<?xml version="1.0" encoding="UTF-8"?>
<testng-results skipped="0" failed="0" ignored="0" total="1" passed="1">
  <reporter-output>
  </reporter-output>
  <suite name="Default suite" duration-ms="24" started-at="2020-09-12T13:49:49Z" finished-at="2020-09-12T13:49:49Z">
    <groups>
    </groups>
    <test name="Default test" duration-ms="24" started-at="2020-09-12T13:49:49Z" finished-at="2020-09-12T13:49:49Z">
      <class name="AutomationTraining.Selenium.AppTest">
        <test-method status="PASS" signature="shouldAnswerWithTrue()[pri:0, instance:AutomationTraining.Selenium.AppTest@4fe767f3]" name="shouldAnswerWithTrue" duration-ms="9" started-at="2020-09-12T08:49:49Z" finished-at="2020-09-12T08:49:49Z">
          <reporter-output>
          </reporter-output>
        </test-method> <!-- shouldAnswerWithTrue -->
      </class> <!-- AutomationTraining.Selenium.AppTest -->
    </test> <!-- Default test -->
  </suite> <!-- Default suite -->
</testng-results>
