<?xml version="1.0" encoding="UTF-8"?>
<testng-results skipped="0" failed="0" ignored="0" total="1" passed="1">
  <reporter-output>
  </reporter-output>
  <suite name="Default suite" duration-ms="5406" started-at="2020-10-16T12:58:22 CDT" finished-at="2020-10-16T12:58:27 CDT">
    <groups>
    </groups>
    <test name="Default test" duration-ms="5406" started-at="2020-10-16T12:58:22 CDT" finished-at="2020-10-16T12:58:27 CDT">
      <class name="loginTests.TC_01_CorrectLogin">
        <test-method status="PASS" signature="startWebDriver()[pri:0, instance:loginTests.TC_01_CorrectLogin@4c012563]" name="startWebDriver" is-config="true" duration-ms="3028" started-at="2020-10-16T12:58:22 CDT" finished-at="2020-10-16T12:58:25 CDT">
          <reporter-output>
          </reporter-output>
        </test-method> <!-- startWebDriver -->
        <test-method status="PASS" signature="TC_01()[pri:0, instance:loginTests.TC_01_CorrectLogin@4c012563]" name="TC_01" duration-ms="1281" started-at="2020-10-16T12:58:25 CDT" finished-at="2020-10-16T12:58:26 CDT">
          <reporter-output>
          </reporter-output>
        </test-method> <!-- TC_01 -->
        <test-method status="PASS" signature="closeDriver()[pri:0, instance:loginTests.TC_01_CorrectLogin@4c012563]" name="closeDriver" is-config="true" duration-ms="1077" started-at="2020-10-16T12:58:26 CDT" finished-at="2020-10-16T12:58:27 CDT">
          <reporter-output>
          </reporter-output>
        </test-method> <!-- closeDriver -->
      </class> <!-- loginTests.TC_01_CorrectLogin -->
    </test> <!-- Default test -->
  </suite> <!-- Default suite -->
</testng-results>
